<?xml version="1.0" encoding="utf-8"?><testsuites name="pytest tests"><testsuite name="pytest" errors="0" failures="0" skipped="0" tests="40" time="124.876" timestamp="2026-05-31T10:14:23.483598+00:00" hostname="agent-env-b08abfb0-ab0f-48f8-9c52-8f73648e32f8"><testcase classname="backend.tests.backend_test" name="test_health" time="1.458" /><testcase classname="backend.tests.backend_test" name="test_login_bootstrap_admin" time="0.370" /><testcase classname="backend.tests.backend_test" name="test_login_invalid_credentials" time="0.325" /><testcase classname="backend.tests.backend_test" name="test_register_duplicate_email" time="0.094" /><testcase classname="backend.tests.backend_test" name="test_register_second_user_is_manager" time="0.330" /><testcase classname="backend.tests.backend_test" name="test_auth_me" time="0.133" /><testcase classname="backend.tests.backend_test" name="test_auth_me_no_token" time="0.098" /><testcase classname="backend.tests.backend_test" name="test_dashboard_overview" time="0.113" /><testcase classname="backend.tests.backend_test" name="test_dashboard_requires_auth" time="0.109" /><testcase classname="backend.tests.backend_test" name="test_create_client" time="0.113" /><testcase classname="backend.tests.backend_test" name="test_list_clients_includes_created" time="0.099" /><testcase classname="backend.tests.backend_test" name="test_get_client" time="0.092" /><testcase classname="backend.tests.backend_test" name="test_get_client_not_found" time="0.106" /><testcase classname="backend.tests.backend_test" name="test_patch_client" time="0.101" /><testcase classname="backend.tests.backend_test" name="test_create_meeting" time="0.106" /><testcase classname="backend.tests.backend_test" name="test_get_meeting" time="0.101" /><testcase classname="backend.tests.backend_test" name="test_list_meetings_by_client" time="0.092" /><testcase classname="backend.tests.backend_test" name="test_generate_brief_default_model" time="39.556" /><testcase classname="backend.tests.backend_test" name="test_analyze_transcript" time="26.194" /><testcase classname="backend.tests.backend_test" name="test_meeting_sentiment_persisted" time="0.134" /><testcase classname="backend.tests.backend_test" name="test_client_health_updated_after_transcript" time="0.101" /><testcase classname="backend.tests.backend_test" name="test_list_action_items_for_meeting" time="0.098" /><testcase classname="backend.tests.backend_test" name="test_patch_action_item_status" time="0.106" /><testcase classname="backend.tests.backend_test" name="test_delete_action_item" time="0.098" /><testcase classname="backend.tests.backend_test" name="test_list_content_captures" time="0.098" /><testcase classname="backend.tests.backend_test" name="test_patch_content_capture_routed" time="0.099" /><testcase classname="backend.tests.backend_test" name="test_generate_recap" time="52.684" /><testcase classname="backend.tests.backend_test" name="test_integrations_catalog" time="0.167" /><testcase classname="backend.tests.backend_test" name="test_integrations_status" time="0.103" /><testcase classname="backend.tests.backend_test" name="test_integration_configure_clickup" time="0.126" /><testcase classname="backend.tests.backend_test" name="test_integration_test_clickup" time="0.110" /><testcase classname="backend.tests.backend_test" name="test_integration_status_after_configure" time="0.102" /><testcase classname="backend.tests.backend_test" name="test_integration_configure_unknown_platform" time="0.101" /><testcase classname="backend.tests.backend_test" name="test_integration_disconnect_clickup" time="0.105" /><testcase classname="backend.tests.backend_test" name="test_docs_list" time="0.097" /><testcase classname="backend.tests.backend_test" name="test_docs_detail_mtm_framework" time="0.098" /><testcase classname="backend.tests.backend_test" name="test_docs_detail_not_found" time="0.112" /><testcase classname="backend.tests.backend_test" name="test_ai_models" time="0.096" /><testcase classname="backend.tests.backend_test" name="test_zz_delete_meeting" time="0.111" /><testcase classname="backend.tests.backend_test" name="test_zz_delete_client_admin" time="0.207" /></testsuite></testsuites>